#
# A fatal error has been detected by the Java Runtime Environment:
#
#  EXCEPTION_ILLEGAL_INSTRUCTION (0xc000001d) at pc=0x00000201ad880031, pid=37376, tid=25756
#
# JRE version: OpenJDK Runtime Environment Corretto-11.0.26.4.1 (11.0.26+4) (build 11.0.26+4-LTS)
# Java VM: OpenJDK 64-Bit Server VM Corretto-11.0.26.4.1 (11.0.26+4-LTS, mixed mode, tiered, compressed oops, g1 gc, windows-amd64)
# Problematic frame:
# C  0x00000201ad880031
#
# No core dump will be written. Minidumps are not enabled by default on client versions of Windows
#
# If you would like to submit a bug report, please visit:
#   https://github.com/corretto/corretto-11/issues/
# The crash happened outside the Java Virtual Machine in native code.
# See problematic frame for where to report the bug.
#

---------------  S U M M A R Y ------------

Command Line: wk.com.test.DesktopPetLauncher

Host: AMD Ryzen 7 PRO 7840HS w/ Radeon 780M Graphics , 16 cores, 15G,  Windows 11 , 64 bit Build 26100 (10.0.26100.7019)
Time: Sun Dec  7 13:27:32 2025  Windows 11 , 64 bit Build 26100 (10.0.26100.7019) elapsed time: 9.238895 seconds (0d 0h 0m 9s)

---------------  T H R E A D  ---------------

Current thread (0x00000201d510a000):  JavaThread "Thread-0" [_thread_in_native, id=25756, stack(0x000000748f100000,0x000000748f200000)]

Stack: [0x000000748f100000,0x000000748f200000],  sp=0x000000748f1fea10,  free space=1018k
Native frames: (J=compiled Java code, j=interpreted, Vv=VM code, C=native code)
C  0x00000201ad880031

Java frames: (J=compiled Java code, j=interpreted, Vv=VM code)
j  org.lwjgl.system.JNI.invokePP(JJ)J+0
j  org.lwjgl.glfw.GLFWNativeWin32.glfwGetWin32Window(J)J+17
j  kw.test.DynamicUtils.windowsDestroyWallpaper(J)V+1
j  kw.test.DynamicUtils.destroyWallpaper(J)V+1
j  wk.com.test.DesktopPetLauncher.lambda$run$0()V+37
j  wk.com.test.DesktopPetLauncher$$Lambda$31.run()V+4
j  java.lang.Thread.run()V+11 java.base@11.0.26
v  ~StubRoutines::call_stub

siginfo: EXCEPTION_ILLEGAL_INSTRUCTION (0xc000001d)


Register to memory mapping:

RIP=0x00000201ad880031 points into unknown readable memory: da f7 d4 01 02 00 00
RAX=0x00000201ad880010 points into unknown readable memory: 0x00007ff986730bf0 | f0 0b 73 86 f9 7f 00 00
RBX=0x0000000000010001 is an unknown value
RCX=0x0000000000010000 is an unknown value
RDX=0x000000748f1fea50 is pointing into the stack for thread: 0x00000201d510a000
RSP=0x000000748f1fea10 is pointing into the stack for thread: 0x00000201d510a000
RBP=0x000000748f1feb20 is pointing into the stack for thread: 0x00000201d510a000
RSI=0x0000000000000140 is an unknown value
RDI=0x0000000000000114 is an unknown value
R8 =0x00000201d4b6ac30 points into unknown readable memory: 0x0000000000000000 | 00 00 00 00 00 00 00 00
R9 =0x00007ff967a025d0 glfw.dll
R10=0x00000201b7cef748 is at code_begin+1000 in an Interpreter codelet
method entry point (kind = native)  [0x00000201b7cef360, 0x00000201b7cefe00]  2720 bytes
R11=0x000000748f1fee88 is pointing into the stack for thread: 0x00000201d510a000
R12=0x0 is NULL
R13={method} {0x00000201d539f230} 'invokePP' '(JJ)J' in 'org/lwjgl/system/JNI'
R14=0x000000748f1fef88 is pointing into the stack for thread: 0x00000201d510a000
R15=0x00000201d510a000 is a thread


Registers:
RAX=0x00000201ad880010, RBX=0x0000000000010001, RCX=0x0000000000010000, RDX=0x000000748f1fea50
RSP=0x000000748f1fea10, RBP=0x000000748f1feb20, RSI=0x0000000000000140, RDI=0x0000000000000114
R8 =0x00000201d4b6ac30, R9 =0x00007ff967a025d0, R10=0x00000201b7cef748, R11=0x000000748f1fee88
R12=0x0000000000000000, R13=0x00000201d539f228, R14=0x000000748f1fef88, R15=0x00000201d510a000
RIP=0x00000201ad880031, EFLAGS=0x0000000000010202

Top of Stack: (sp=0x000000748f1fea10)
0x000000748f1fea10:   fffffffff9866e54 00007ff9679f22dc
0x000000748f1fea20:   0000000000000000 000000071a4519d8
0x000000748f1fea30:   0000000000000000 00007ff948d83077
0x000000748f1fea40:   000000748f1fead0 00007ff948d3e328
0x000000748f1fea50:   57464c4720656854 7972617262696c20
0x000000748f1fea60:   20746f6e20736920 696c616974696e69
0x000000748f1fea70:   000000740064657a 00007ff948e822a6
0x000000748f1fea80:   000000748f1fecf0 00000201d510a000
0x000000748f1fea90:   00000201d510a000 00007ff94923bc45
0x000000748f1feaa0:   000000748f1fecd0 00007ff9490539c7
0x000000748f1feab0:   00000008000a6058 00000008000a6058
0x000000748f1feac0:   0000000000400000 00007ff94923b910
0x000000748f1fead0:   000000748f1feb30 00000201d510a000
0x000000748f1feae0:   000000748f1feba0 00007ff94904f97b
0x000000748f1feaf0:   00000201d510a000 00000201d510a000
0x000000748f1feb00:   0000000000000000 00007ff94911983c 

Instructions: (pc=0x00000201ad880031)
0x00000201ad87ff31:   ?? ?? ?? ?? ?? ?? ?? ?? ?? ?? ?? ?? ?? ?? ?? ??
0x00000201ad87ff41:   ?? ?? ?? ?? ?? ?? ?? ?? ?? ?? ?? ?? ?? ?? ?? ??
0x00000201ad87ff51:   ?? ?? ?? ?? ?? ?? ?? ?? ?? ?? ?? ?? ?? ?? ?? ??
0x00000201ad87ff61:   ?? ?? ?? ?? ?? ?? ?? ?? ?? ?? ?? ?? ?? ?? ?? ??
0x00000201ad87ff71:   ?? ?? ?? ?? ?? ?? ?? ?? ?? ?? ?? ?? ?? ?? ?? ??
0x00000201ad87ff81:   ?? ?? ?? ?? ?? ?? ?? ?? ?? ?? ?? ?? ?? ?? ?? ??
0x00000201ad87ff91:   ?? ?? ?? ?? ?? ?? ?? ?? ?? ?? ?? ?? ?? ?? ?? ??
0x00000201ad87ffa1:   ?? ?? ?? ?? ?? ?? ?? ?? ?? ?? ?? ?? ?? ?? ?? ??
0x00000201ad87ffb1:   ?? ?? ?? ?? ?? ?? ?? ?? ?? ?? ?? ?? ?? ?? ?? ??
0x00000201ad87ffc1:   ?? ?? ?? ?? ?? ?? ?? ?? ?? ?? ?? ?? ?? ?? ?? ??
0x00000201ad87ffd1:   ?? ?? ?? ?? ?? ?? ?? ?? ?? ?? ?? ?? ?? ?? ?? ??
0x00000201ad87ffe1:   ?? ?? ?? ?? ?? ?? ?? ?? ?? ?? ?? ?? ?? ?? ?? ??
0x00000201ad87fff1:   ?? ?? ?? ?? ?? ?? ?? ?? ?? ?? ?? ?? ?? ?? ?? 00
0x00000201ad880001:   00 00 00 00 00 00 00 41 00 00 00 00 00 00 00 f0
0x00000201ad880011:   0b 73 86 f9 7f 00 00 e0 0b 73 86 f9 7f 00 00 00
0x00000201ad880021:   0f 1f 80 00 00 00 00 68 54 6e 86 f9 7f 00 00 e0
0x00000201ad880031:   da f7 d4 01 02 00 00 c0 12 6c 86 f9 7f 00 00 40
0x00000201ad880041:   00 00 00 00 00 00 00 42 00 00 00 00 00 00 00 f3
0x00000201ad880051:   0f 1e fa 4c 8d 15 f5 ff ff ff ff 25 07 00 00 00
0x00000201ad880061:   0f 1f 80 00 00 00 00 68 54 6e 86 f9 7f 00 00 70
0x00000201ad880071:   f9 2f d5 01 02 00 00 c0 12 6c 86 f9 7f 00 00 90
0x00000201ad880081:   b1 83 d4 01 02 00 00 43 00 00 00 00 00 00 00 f3
0x00000201ad880091:   0f 1e fa 4c 8d 15 f5 ff ff ff ff 25 07 00 00 00
0x00000201ad8800a1:   0f 1f 80 00 00 00 00 68 54 6e 86 f9 7f 00 00 90
0x00000201ad8800b1:   f7 2f d5 01 02 00 00 c0 12 6c 86 f9 7f 00 00 98
0x00000201ad8800c1:   b1 83 d4 01 02 00 00 43 00 00 00 00 00 00 00 f3
0x00000201ad8800d1:   0f 1e fa 4c 8d 15 f5 ff ff ff ff 25 07 00 00 00
0x00000201ad8800e1:   0f 1f 80 00 00 00 00 68 54 6e 86 f9 7f 00 00 a0
0x00000201ad8800f1:   f9 2f d5 01 02 00 00 c0 12 6c 86 f9 7f 00 00 a0
0x00000201ad880101:   b1 83 d4 01 02 00 00 43 00 00 00 00 00 00 00 f3
0x00000201ad880111:   0f 1e fa 4c 8d 15 f5 ff ff ff ff 25 07 00 00 00
0x00000201ad880121:   0f 1f 80 00 00 00 00 68 54 6e 86 f9 7f 00 00 80 


Stack slot to memory mapping:
stack at sp + 0 slots: 0xfffffffff9866e54 is an unknown value
stack at sp + 1 slots: 0x00007ff9679f22dc glfw.dll
stack at sp + 2 slots: 0x0 is NULL
stack at sp + 3 slots: 0x000000071a4519d8 is an oop: java.lang.Class 
{0x000000071a4519d8} - klass: 'java/lang/Class'
 - ---- fields (total size 14 words):
 - private volatile transient strict 'cachedConstructor' 'Ljava/lang/reflect/Constructor;' @12  NULL (0)
 - private volatile transient strict 'newInstanceCallerCache' 'Ljava/lang/Class;' @16  NULL (0)
 - private transient 'name' 'Ljava/lang/String;' @20  "org.lwjgl.system.JNI"{0x000000071a451a58} (e348a34b)
 - private transient 'module' 'Ljava/lang/Module;' @24  a 'java/lang/Module'{0x000000071ac231a8} (e3584635)
 - private final 'classLoader' 'Ljava/lang/ClassLoader;' @28  a 'jdk/internal/loader/ClassLoaders$AppClassLoader'{0x000000071ac22ff8} (e35845ff)
 - private transient 'packageName' 'Ljava/lang/String;' @32  "org.lwjgl.system"{0x000000071a92c6e0} (e35258dc)
 - private final strict 'componentType' 'Ljava/lang/Class;' @36  NULL (0)
 - private volatile transient strict 'reflectionData' 'Ljava/lang/ref/SoftReference;' @40  NULL (0)
 - private volatile transient 'genericInfo' 'Lsun/reflect/generics/repository/ClassRepository;' @44  NULL (0)
 - private volatile transient strict 'enumConstants' '[Ljava/lang/Object;' @48  NULL (0)
 - private volatile transient strict 'enumConstantDirectory' 'Ljava/util/Map;' @52  NULL (0)
 - private volatile transient 'annotationData' 'Ljava/lang/Class$AnnotationData;' @56  NULL (0)
 - private volatile transient 'annotationType' 'Lsun/reflect/annotation/AnnotationType;' @60  NULL (0)
 - transient 'classValueMap' 'Ljava/lang/ClassValue$ClassValueMap;' @64  NULL (0)
 - private volatile transient 'classRedefinedCount' 'I' @96  0
 - signature: Lorg/lwjgl/system/JNI;
 - fake entry for mirror: 'org/lwjgl/system/JNI'
 - fake entry for array: NULL
 - fake entry for oop_size: 14
 - fake entry for static_oop_field_count: 0
stack at sp + 4 slots: 0x0 is NULL
stack at sp + 5 slots: 0x00007ff948d83077 jvm.dll
stack at sp + 6 slots: 0x000000748f1fead0 is pointing into the stack for thread: 0x00000201d510a000
stack at sp + 7 slots: 0x00007ff948d3e328 jvm.dll


---------------  P R O C E S S  ---------------

Threads class SMR info:
_java_thread_list=0x00000201d4f7cca0, length=11, elements={
0x00000201d4826000, 0x00000201d482b000, 0x00000201d4897800, 0x00000201d4899000,
0x00000201d489a000, 0x00000201d489b000, 0x00000201d48a0800, 0x00000201d48a4000,
0x00000201d4a51800, 0x00000201d510a000, 0x00000201adb25000
}

Java Threads: ( => current thread )
  0x00000201d4826000 JavaThread "Reference Handler" daemon [_thread_blocked, id=27008, stack(0x000000748e200000,0x000000748e300000)]
  0x00000201d482b000 JavaThread "Finalizer" daemon [_thread_blocked, id=35340, stack(0x000000748e300000,0x000000748e400000)]
  0x00000201d4897800 JavaThread "Signal Dispatcher" daemon [_thread_blocked, id=24864, stack(0x000000748e400000,0x000000748e500000)]
  0x00000201d4899000 JavaThread "Attach Listener" daemon [_thread_blocked, id=25304, stack(0x000000748e500000,0x000000748e600000)]
  0x00000201d489a000 JavaThread "Service Thread" daemon [_thread_blocked, id=12356, stack(0x000000748e600000,0x000000748e700000)]
  0x00000201d489b000 JavaThread "C2 CompilerThread0" daemon [_thread_blocked, id=11816, stack(0x000000748e700000,0x000000748e800000)]
  0x00000201d48a0800 JavaThread "C1 CompilerThread0" daemon [_thread_blocked, id=34964, stack(0x000000748e800000,0x000000748e900000)]
  0x00000201d48a4000 JavaThread "Sweeper thread" daemon [_thread_blocked, id=10580, stack(0x000000748e900000,0x000000748ea00000)]
  0x00000201d4a51800 JavaThread "Common-Cleaner" daemon [_thread_blocked, id=24584, stack(0x000000748ec00000,0x000000748ed00000)]
=>0x00000201d510a000 JavaThread "Thread-0" [_thread_in_native, id=25756, stack(0x000000748f100000,0x000000748f200000)]
  0x00000201adb25000 JavaThread "DestroyJavaVM" [_thread_blocked, id=33500, stack(0x000000748db00000,0x000000748dc00000)]

Other Threads:
  0x00000201d4801800 VMThread "VM Thread" [stack: 0x000000748e100000,0x000000748e200000] [id=13228]
  0x00000201d4a4f000 WatcherThread [stack: 0x000000748eb00000,0x000000748ec00000] [id=30604]
  0x00000201adb44800 GCTaskThread "GC Thread#0" [stack: 0x000000748dc00000,0x000000748dd00000] [id=11912]
  0x00000201adb9f800 ConcurrentGCThread "G1 Main Marker" [stack: 0x000000748dd00000,0x000000748de00000] [id=3756]
  0x00000201adba1800 ConcurrentGCThread "G1 Conc#0" [stack: 0x000000748de00000,0x000000748df00000] [id=25912]
  0x00000201d3c40800 ConcurrentGCThread "G1 Refine#0" [stack: 0x000000748df00000,0x000000748e000000] [id=6804]
  0x00000201d3c49000 ConcurrentGCThread "G1 Young RemSet Sampling" [stack: 0x000000748e000000,0x000000748e100000] [id=30120]

Threads with active compile tasks:

VM state:not at safepoint (normal execution)

VM Mutex/Monitor currently owned by a thread: None

Heap address: 0x000000070b800000, size: 3912 MB, Compressed Oops mode: Zero based, Oop shift amount: 3
Narrow klass base: 0x0000000800000000, Narrow klass shift: 0
Compressed class space size: 1073741824 Address: 0x0000000800000000

Heap:
 garbage-first heap   total 251904K, used 16384K [0x000000070b800000, 0x0000000800000000)
  region size 1024K, 18 young (18432K), 0 survivors (0K)
 Metaspace       used 12613K, capacity 12826K, committed 13184K, reserved 1060864K
  class space    used 973K, capacity 1043K, committed 1152K, reserved 1048576K
Heap Regions: E=young(eden), S=young(survivor), O=old, HS=humongous(starts), HC=humongous(continues), CS=collection set, F=free, A=archive, TAMS=top-at-mark-start (previous, next)
|   0|0x000000070b800000, 0x000000070b800000, 0x000000070b900000|  0%| F|  |TAMS 0x000000070b800000, 0x000000070b800000| Untracked 
|   1|0x000000070b900000, 0x000000070b900000, 0x000000070ba00000|  0%| F|  |TAMS 0x000000070b900000, 0x000000070b900000| Untracked 
|   2|0x000000070ba00000, 0x000000070ba00000, 0x000000070bb00000|  0%| F|  |TAMS 0x000000070ba00000, 0x000000070ba00000| Untracked 
|   3|0x000000070bb00000, 0x000000070bb00000, 0x000000070bc00000|  0%| F|  |TAMS 0x000000070bb00000, 0x000000070bb00000| Untracked 
|   4|0x000000070bc00000, 0x000000070bc00000, 0x000000070bd00000|  0%| F|  |TAMS 0x000000070bc00000, 0x000000070bc00000| Untracked 
|   5|0x000000070bd00000, 0x000000070bd00000, 0x000000070be00000|  0%| F|  |TAMS 0x000000070bd00000, 0x000000070bd00000| Untracked 
|   6|0x000000070be00000, 0x000000070be00000, 0x000000070bf00000|  0%| F|  |TAMS 0x000000070be00000, 0x000000070be00000| Untracked 
|   7|0x000000070bf00000, 0x000000070bf00000, 0x000000070c000000|  0%| F|  |TAMS 0x000000070bf00000, 0x000000070bf00000| Untracked 
|   8|0x000000070c000000, 0x000000070c000000, 0x000000070c100000|  0%| F|  |TAMS 0x000000070c000000, 0x000000070c000000| Untracked 
|   9|0x000000070c100000, 0x000000070c100000, 0x000000070c200000|  0%| F|  |TAMS 0x000000070c100000, 0x000000070c100000| Untracked 
|  10|0x000000070c200000, 0x000000070c200000, 0x000000070c300000|  0%| F|  |TAMS 0x000000070c200000, 0x000000070c200000| Untracked 
|  11|0x000000070c300000, 0x000000070c300000, 0x000000070c400000|  0%| F|  |TAMS 0x000000070c300000, 0x000000070c300000| Untracked 
|  12|0x000000070c400000, 0x000000070c400000, 0x000000070c500000|  0%| F|  |TAMS 0x000000070c400000, 0x000000070c400000| Untracked 
|  13|0x000000070c500000, 0x000000070c500000, 0x000000070c600000|  0%| F|  |TAMS 0x000000070c500000, 0x000000070c500000| Untracked 
|  14|0x000000070c600000, 0x000000070c600000, 0x000000070c700000|  0%| F|  |TAMS 0x000000070c600000, 0x000000070c600000| Untracked 
|  15|0x000000070c700000, 0x000000070c700000, 0x000000070c800000|  0%| F|  |TAMS 0x000000070c700000, 0x000000070c700000| Untracked 
|  16|0x000000070c800000, 0x000000070c800000, 0x000000070c900000|  0%| F|  |TAMS 0x000000070c800000, 0x000000070c800000| Untracked 
|  17|0x000000070c900000, 0x000000070c900000, 0x000000070ca00000|  0%| F|  |TAMS 0x000000070c900000, 0x000000070c900000| Untracked 
|  18|0x000000070ca00000, 0x000000070ca00000, 0x000000070cb00000|  0%| F|  |TAMS 0x000000070ca00000, 0x000000070ca00000| Untracked 
|  19|0x000000070cb00000, 0x000000070cb00000, 0x000000070cc00000|  0%| F|  |TAMS 0x000000070cb00000, 0x000000070cb00000| Untracked 
|  20|0x000000070cc00000, 0x000000070cc00000, 0x000000070cd00000|  0%| F|  |TAMS 0x000000070cc00000, 0x000000070cc00000| Untracked 
|  21|0x000000070cd00000, 0x000000070cd00000, 0x000000070ce00000|  0%| F|  |TAMS 0x000000070cd00000, 0x000000070cd00000| Untracked 
|  22|0x000000070ce00000, 0x000000070ce00000, 0x000000070cf00000|  0%| F|  |TAMS 0x000000070ce00000, 0x000000070ce00000| Untracked 
|  23|0x000000070cf00000, 0x000000070cf00000, 0x000000070d000000|  0%| F|  |TAMS 0x000000070cf00000, 0x000000070cf00000| Untracked 
|  24|0x000000070d000000, 0x000000070d000000, 0x000000070d100000|  0%| F|  |TAMS 0x000000070d000000, 0x000000070d000000| Untracked 
|  25|0x000000070d100000, 0x000000070d100000, 0x000000070d200000|  0%| F|  |TAMS 0x000000070d100000, 0x000000070d100000| Untracked 
|  26|0x000000070d200000, 0x000000070d200000, 0x000000070d300000|  0%| F|  |TAMS 0x000000070d200000, 0x000000070d200000| Untracked 
|  27|0x000000070d300000, 0x000000070d300000, 0x000000070d400000|  0%| F|  |TAMS 0x000000070d300000, 0x000000070d300000| Untracked 
|  28|0x000000070d400000, 0x000000070d400000, 0x000000070d500000|  0%| F|  |TAMS 0x000000070d400000, 0x000000070d400000| Untracked 
|  29|0x000000070d500000, 0x000000070d500000, 0x000000070d600000|  0%| F|  |TAMS 0x000000070d500000, 0x000000070d500000| Untracked 
|  30|0x000000070d600000, 0x000000070d600000, 0x000000070d700000|  0%| F|  |TAMS 0x000000070d600000, 0x000000070d600000| Untracked 
|  31|0x000000070d700000, 0x000000070d700000, 0x000000070d800000|  0%| F|  |TAMS 0x000000070d700000, 0x000000070d700000| Untracked 
|  32|0x000000070d800000, 0x000000070d800000, 0x000000070d900000|  0%| F|  |TAMS 0x000000070d800000, 0x000000070d800000| Untracked 
|  33|0x000000070d900000, 0x000000070d900000, 0x000000070da00000|  0%| F|  |TAMS 0x000000070d900000, 0x000000070d900000| Untracked 
|  34|0x000000070da00000, 0x000000070da00000, 0x000000070db00000|  0%| F|  |TAMS 0x000000070da00000, 0x000000070da00000| Untracked 
|  35|0x000000070db00000, 0x000000070db00000, 0x000000070dc00000|  0%| F|  |TAMS 0x000000070db00000, 0x000000070db00000| Untracked 
|  36|0x000000070dc00000, 0x000000070dc00000, 0x000000070dd00000|  0%| F|  |TAMS 0x000000070dc00000, 0x000000070dc00000| Untracked 
|  37|0x000000070dd00000, 0x000000070dd00000, 0x000000070de00000|  0%| F|  |TAMS 0x000000070dd00000, 0x000000070dd00000| Untracked 
|  38|0x000000070de00000, 0x000000070de00000, 0x000000070df00000|  0%| F|  |TAMS 0x000000070de00000, 0x000000070de00000| Untracked 
|  39|0x000000070df00000, 0x000000070df00000, 0x000000070e000000|  0%| F|  |TAMS 0x000000070df00000, 0x000000070df00000| Untracked 
|  40|0x000000070e000000, 0x000000070e000000, 0x000000070e100000|  0%| F|  |TAMS 0x000000070e000000, 0x000000070e000000| Untracked 
|  41|0x000000070e100000, 0x000000070e100000, 0x000000070e200000|  0%| F|  |TAMS 0x000000070e100000, 0x000000070e100000| Untracked 
|  42|0x000000070e200000, 0x000000070e200000, 0x000000070e300000|  0%| F|  |TAMS 0x000000070e200000, 0x000000070e200000| Untracked 
|  43|0x000000070e300000, 0x000000070e300000, 0x000000070e400000|  0%| F|  |TAMS 0x000000070e300000, 0x000000070e300000| Untracked 
|  44|0x000000070e400000, 0x000000070e400000, 0x000000070e500000|  0%| F|  |TAMS 0x000000070e400000, 0x000000070e400000| Untracked 
|  45|0x000000070e500000, 0x000000070e500000, 0x000000070e600000|  0%| F|  |TAMS 0x000000070e500000, 0x000000070e500000| Untracked 
|  46|0x000000070e600000, 0x000000070e600000, 0x000000070e700000|  0%| F|  |TAMS 0x000000070e600000, 0x000000070e600000| Untracked 
|  47|0x000000070e700000, 0x000000070e700000, 0x000000070e800000|  0%| F|  |TAMS 0x000000070e700000, 0x000000070e700000| Untracked 
|  48|0x000000070e800000, 0x000000070e800000, 0x000000070e900000|  0%| F|  |TAMS 0x000000070e800000, 0x000000070e800000| Untracked 
|  49|0x000000070e900000, 0x000000070e900000, 0x000000070ea00000|  0%| F|  |TAMS 0x000000070e900000, 0x000000070e900000| Untracked 
|  50|0x000000070ea00000, 0x000000070ea00000, 0x000000070eb00000|  0%| F|  |TAMS 0x000000070ea00000, 0x000000070ea00000| Untracked 
|  51|0x000000070eb00000, 0x000000070eb00000, 0x000000070ec00000|  0%| F|  |TAMS 0x000000070eb00000, 0x000000070eb00000| Untracked 
|  52|0x000000070ec00000, 0x000000070ec00000, 0x000000070ed00000|  0%| F|  |TAMS 0x000000070ec00000, 0x000000070ec00000| Untracked 
|  53|0x000000070ed00000, 0x000000070ed00000, 0x000000070ee00000|  0%| F|  |TAMS 0x000000070ed00000, 0x000000070ed00000| Untracked 
|  54|0x000000070ee00000, 0x000000070ee00000, 0x000000070ef00000|  0%| F|  |TAMS 0x000000070ee00000, 0x000000070ee00000| Untracked 
|  55|0x000000070ef00000, 0x000000070ef00000, 0x000000070f000000|  0%| F|  |TAMS 0x000000070ef00000, 0x000000070ef00000| Untracked 
|  56|0x000000070f000000, 0x000000070f000000, 0x000000070f100000|  0%| F|  |TAMS 0x000000070f000000, 0x000000070f000000| Untracked 
|  57|0x000000070f100000, 0x000000070f100000, 0x000000070f200000|  0%| F|  |TAMS 0x000000070f100000, 0x000000070f100000| Untracked 
|  58|0x000000070f200000, 0x000000070f200000, 0x000000070f300000|  0%| F|  |TAMS 0x000000070f200000, 0x000000070f200000| Untracked 
|  59|0x000000070f300000, 0x000000070f300000, 0x000000070f400000|  0%| F|  |TAMS 0x000000070f300000, 0x000000070f300000| Untracked 
|  60|0x000000070f400000, 0x000000070f400000, 0x000000070f500000|  0%| F|  |TAMS 0x000000070f400000, 0x000000070f400000| Untracked 
|  61|0x000000070f500000, 0x000000070f500000, 0x000000070f600000|  0%| F|  |TAMS 0x000000070f500000, 0x000000070f500000| Untracked 
|  62|0x000000070f600000, 0x000000070f600000, 0x000000070f700000|  0%| F|  |TAMS 0x000000070f600000, 0x000000070f600000| Untracked 
|  63|0x000000070f700000, 0x000000070f700000, 0x000000070f800000|  0%| F|  |TAMS 0x000000070f700000, 0x000000070f700000| Untracked 
|  64|0x000000070f800000, 0x000000070f800000, 0x000000070f900000|  0%| F|  |TAMS 0x000000070f800000, 0x000000070f800000| Untracked 
|  65|0x000000070f900000, 0x000000070f900000, 0x000000070fa00000|  0%| F|  |TAMS 0x000000070f900000, 0x000000070f900000| Untracked 
|  66|0x000000070fa00000, 0x000000070fa00000, 0x000000070fb00000|  0%| F|  |TAMS 0x000000070fa00000, 0x000000070fa00000| Untracked 
|  67|0x000000070fb00000, 0x000000070fb00000, 0x000000070fc00000|  0%| F|  |TAMS 0x000000070fb00000, 0x000000070fb00000| Untracked 
|  68|0x000000070fc00000, 0x000000070fc00000, 0x000000070fd00000|  0%| F|  |TAMS 0x000000070fc00000, 0x000000070fc00000| Untracked 
|  69|0x000000070fd00000, 0x000000070fd00000, 0x000000070fe00000|  0%| F|  |TAMS 0x000000070fd00000, 0x000000070fd00000| Untracked 
|  70|0x000000070fe00000, 0x000000070fe00000, 0x000000070ff00000|  0%| F|  |TAMS 0x000000070fe00000, 0x000000070fe00000| Untracked 
|  71|0x000000070ff00000, 0x000000070ff00000, 0x0000000710000000|  0%| F|  |TAMS 0x000000070ff00000, 0x000000070ff00000| Untracked 
|  72|0x0000000710000000, 0x0000000710000000, 0x0000000710100000|  0%| F|  |TAMS 0x0000000710000000, 0x0000000710000000| Untracked 
|  73|0x0000000710100000, 0x0000000710100000, 0x0000000710200000|  0%| F|  |TAMS 0x0000000710100000, 0x0000000710100000| Untracked 
|  74|0x0000000710200000, 0x0000000710200000, 0x0000000710300000|  0%| F|  |TAMS 0x0000000710200000, 0x0000000710200000| Untracked 
|  75|0x0000000710300000, 0x0000000710300000, 0x0000000710400000|  0%| F|  |TAMS 0x0000000710300000, 0x0000000710300000| Untracked 
|  76|0x0000000710400000, 0x0000000710400000, 0x0000000710500000|  0%| F|  |TAMS 0x0000000710400000, 0x0000000710400000| Untracked 
|  77|0x0000000710500000, 0x0000000710500000, 0x0000000710600000|  0%| F|  |TAMS 0x0000000710500000, 0x0000000710500000| Untracked 
|  78|0x0000000710600000, 0x0000000710600000, 0x0000000710700000|  0%| F|  |TAMS 0x0000000710600000, 0x0000000710600000| Untracked 
|  79|0x0000000710700000, 0x0000000710700000, 0x0000000710800000|  0%| F|  |TAMS 0x0000000710700000, 0x0000000710700000| Untracked 
|  80|0x0000000710800000, 0x0000000710800000, 0x0000000710900000|  0%| F|  |TAMS 0x0000000710800000, 0x0000000710800000| Untracked 
|  81|0x0000000710900000, 0x0000000710900000, 0x0000000710a00000|  0%| F|  |TAMS 0x0000000710900000, 0x0000000710900000| Untracked 
|  82|0x0000000710a00000, 0x0000000710a00000, 0x0000000710b00000|  0%| F|  |TAMS 0x0000000710a00000, 0x0000000710a00000| Untracked 
|  83|0x0000000710b00000, 0x0000000710b00000, 0x0000000710c00000|  0%| F|  |TAMS 0x0000000710b00000, 0x0000000710b00000| Untracked 
|  84|0x0000000710c00000, 0x0000000710c00000, 0x0000000710d00000|  0%| F|  |TAMS 0x0000000710c00000, 0x0000000710c00000| Untracked 
|  85|0x0000000710d00000, 0x0000000710d00000, 0x0000000710e00000|  0%| F|  |TAMS 0x0000000710d00000, 0x0000000710d00000| Untracked 
|  86|0x0000000710e00000, 0x0000000710e00000, 0x0000000710f00000|  0%| F|  |TAMS 0x0000000710e00000, 0x0000000710e00000| Untracked 
|  87|0x0000000710f00000, 0x0000000710f00000, 0x0000000711000000|  0%| F|  |TAMS 0x0000000710f00000, 0x0000000710f00000| Untracked 
|  88|0x0000000711000000, 0x0000000711000000, 0x0000000711100000|  0%| F|  |TAMS 0x0000000711000000, 0x0000000711000000| Untracked 
|  89|0x0000000711100000, 0x0000000711100000, 0x0000000711200000|  0%| F|  |TAMS 0x0000000711100000, 0x0000000711100000| Untracked 
|  90|0x0000000711200000, 0x0000000711200000, 0x0000000711300000|  0%| F|  |TAMS 0x0000000711200000, 0x0000000711200000| Untracked 
|  91|0x0000000711300000, 0x0000000711300000, 0x0000000711400000|  0%| F|  |TAMS 0x0000000711300000, 0x0000000711300000| Untracked 
|  92|0x0000000711400000, 0x0000000711400000, 0x0000000711500000|  0%| F|  |TAMS 0x0000000711400000, 0x0000000711400000| Untracked 
|  93|0x0000000711500000, 0x0000000711500000, 0x0000000711600000|  0%| F|  |TAMS 0x0000000711500000, 0x0000000711500000| Untracked 
|  94|0x0000000711600000, 0x0000000711600000, 0x0000000711700000|  0%| F|  |TAMS 0x0000000711600000, 0x0000000711600000| Untracked 
|  95|0x0000000711700000, 0x0000000711700000, 0x0000000711800000|  0%| F|  |TAMS 0x0000000711700000, 0x0000000711700000| Untracked 
|  96|0x0000000711800000, 0x0000000711800000, 0x0000000711900000|  0%| F|  |TAMS 0x0000000711800000, 0x0000000711800000| Untracked 
|  97|0x0000000711900000, 0x0000000711900000, 0x0000000711a00000|  0%| F|  |TAMS 0x0000000711900000, 0x0000000711900000| Untracked 
|  98|0x0000000711a00000, 0x0000000711a00000, 0x0000000711b00000|  0%| F|  |TAMS 0x0000000711a00000, 0x0000000711a00000| Untracked 
|  99|0x0000000711b00000, 0x0000000711b00000, 0x0000000711c00000|  0%| F|  |TAMS 0x0000000711b00000, 0x0000000711b00000| Untracked 
| 100|0x0000000711c00000, 0x0000000711c00000, 0x0000000711d00000|  0%| F|  |TAMS 0x0000000711c00000, 0x0000000711c00000| Untracked 
| 101|0x0000000711d00000, 0x0000000711d00000, 0x0000000711e00000|  0%| F|  |TAMS 0x0000000711d00000, 0x0000000711d00000| Untracked 
| 102|0x0000000711e00000, 0x0000000711e00000, 0x0000000711f00000|  0%| F|  |TAMS 0x0000000711e00000, 0x0000000711e00000| Untracked 
| 103|0x0000000711f00000, 0x0000000711f00000, 0x0000000712000000|  0%| F|  |TAMS 0x0000000711f00000, 0x0000000711f00000| Untracked 
| 104|0x0000000712000000, 0x0000000712000000, 0x0000000712100000|  0%| F|  |TAMS 0x0000000712000000, 0x0000000712000000| Untracked 
| 105|0x0000000712100000, 0x0000000712100000, 0x0000000712200000|  0%| F|  |TAMS 0x0000000712100000, 0x0000000712100000| Untracked 
| 106|0x0000000712200000, 0x0000000712200000, 0x0000000712300000|  0%| F|  |TAMS 0x0000000712200000, 0x0000000712200000| Untracked 
| 107|0x0000000712300000, 0x0000000712300000, 0x0000000712400000|  0%| F|  |TAMS 0x0000000712300000, 0x0000000712300000| Untracked 
| 108|0x0000000712400000, 0x0000000712400000, 0x0000000712500000|  0%| F|  |TAMS 0x0000000712400000, 0x0000000712400000| Untracked 
| 109|0x0000000712500000, 0x0000000712500000, 0x0000000712600000|  0%| F|  |TAMS 0x0000000712500000, 0x0000000712500000| Untracked 
| 110|0x0000000712600000, 0x0000000712600000, 0x0000000712700000|  0%| F|  |TAMS 0x0000000712600000, 0x0000000712600000| Untracked 
| 111|0x0000000712700000, 0x0000000712700000, 0x0000000712800000|  0%| F|  |TAMS 0x0000000712700000, 0x0000000712700000| Untracked 
| 112|0x0000000712800000, 0x0000000712800000, 0x0000000712900000|  0%| F|  |TAMS 0x0000000712800000, 0x0000000712800000| Untracked 
| 113|0x0000000712900000, 0x0000000712900000, 0x0000000712a00000|  0%| F|  |TAMS 0x0000000712900000, 0x0000000712900000| Untracked 
| 114|0x0000000712a00000, 0x0000000712a00000, 0x0000000712b00000|  0%| F|  |TAMS 0x0000000712a00000, 0x0000000712a00000| Untracked 
| 115|0x0000000712b00000, 0x0000000712b00000, 0x0000000712c00000|  0%| F|  |TAMS 0x0000000712b00000, 0x0000000712b00000| Untracked 
| 116|0x0000000712c00000, 0x0000000712c00000, 0x0000000712d00000|  0%| F|  |TAMS 0x0000000712c00000, 0x0000000712c00000| Untracked 
| 117|0x0000000712d00000, 0x0000000712d00000, 0x0000000712e00000|  0%| F|  |TAMS 0x0000000712d00000, 0x0000000712d00000| Untracked 
| 118|0x0000000712e00000, 0x0000000712e00000, 0x0000000712f00000|  0%| F|  |TAMS 0x0000000712e00000, 0x0000000712e00000| Untracked 
| 119|0x0000000712f00000, 0x0000000712f00000, 0x0000000713000000|  0%| F|  |TAMS 0x0000000712f00000, 0x0000000712f00000| Untracked 
| 120|0x0000000713000000, 0x0000000713000000, 0x0000000713100000|  0%| F|  |TAMS 0x0000000713000000, 0x0000000713000000| Untracked 
| 121|0x0000000713100000, 0x0000000713100000, 0x0000000713200000|  0%| F|  |TAMS 0x0000000713100000, 0x0000000713100000| Untracked 
| 122|0x0000000713200000, 0x0000000713200000, 0x0000000713300000|  0%| F|  |TAMS 0x0000000713200000, 0x0000000713200000| Untracked 
| 123|0x0000000713300000, 0x0000000713300000, 0x0000000713400000|  0%| F|  |TAMS 0x0000000713300000, 0x0000000713300000| Untracked 
| 124|0x0000000713400000, 0x0000000713400000, 0x0000000713500000|  0%| F|  |TAMS 0x0000000713400000, 0x0000000713400000| Untracked 
| 125|0x0000000713500000, 0x0000000713500000, 0x0000000713600000|  0%| F|  |TAMS 0x0000000713500000, 0x0000000713500000| Untracked 
| 126|0x0000000713600000, 0x0000000713600000, 0x0000000713700000|  0%| F|  |TAMS 0x0000000713600000, 0x0000000713600000| Untracked 
| 127|0x0000000713700000, 0x0000000713700000, 0x0000000713800000|  0%| F|  |TAMS 0x0000000713700000, 0x0000000713700000| Untracked 
| 128|0x0000000713800000, 0x0000000713800000, 0x0000000713900000|  0%| F|  |TAMS 0x0000000713800000, 0x0000000713800000| Untracked 
| 129|0x0000000713900000, 0x0000000713900000, 0x0000000713a00000|  0%| F|  |TAMS 0x0000000713900000, 0x0000000713900000| Untracked 
| 130|0x0000000713a00000, 0x0000000713a00000, 0x0000000713b00000|  0%| F|  |TAMS 0x0000000713a00000, 0x0000000713a00000| Untracked 
| 131|0x0000000713b00000, 0x0000000713b00000, 0x0000000713c00000|  0%| F|  |TAMS 0x0000000713b00000, 0x0000000713b00000| Untracked 
| 132|0x0000000713c00000, 0x0000000713c00000, 0x0000000713d00000|  0%| F|  |TAMS 0x0000000713c00000, 0x0000000713c00000| Untracked 
| 133|0x0000000713d00000, 0x0000000713d00000, 0x0000000713e00000|  0%| F|  |TAMS 0x0000000713d00000, 0x0000000713d00000| Untracked 
| 134|0x0000000713e00000, 0x0000000713e00000, 0x0000000713f00000|  0%| F|  |TAMS 0x0000000713e00000, 0x0000000713e00000| Untracked 
| 135|0x0000000713f00000, 0x0000000713f00000, 0x0000000714000000|  0%| F|  |TAMS 0x0000000713f00000, 0x0000000713f00000| Untracked 
| 136|0x0000000714000000, 0x0000000714000000, 0x0000000714100000|  0%| F|  |TAMS 0x0000000714000000, 0x0000000714000000| Untracked 
| 137|0x0000000714100000, 0x0000000714100000, 0x0000000714200000|  0%| F|  |TAMS 0x0000000714100000, 0x0000000714100000| Untracked 
| 138|0x0000000714200000, 0x0000000714200000, 0x0000000714300000|  0%| F|  |TAMS 0x0000000714200000, 0x0000000714200000| Untracked 
| 139|0x0000000714300000, 0x0000000714300000, 0x0000000714400000|  0%| F|  |TAMS 0x0000000714300000, 0x0000000714300000| Untracked 
| 140|0x0000000714400000, 0x0000000714400000, 0x0000000714500000|  0%| F|  |TAMS 0x0000000714400000, 0x0000000714400000| Untracked 
| 141|0x0000000714500000, 0x0000000714500000, 0x0000000714600000|  0%| F|  |TAMS 0x0000000714500000, 0x0000000714500000| Untracked 
| 142|0x0000000714600000, 0x0000000714600000, 0x0000000714700000|  0%| F|  |TAMS 0x0000000714600000, 0x0000000714600000| Untracked 
| 143|0x0000000714700000, 0x0000000714700000, 0x0000000714800000|  0%| F|  |TAMS 0x0000000714700000, 0x0000000714700000| Untracked 
| 144|0x0000000714800000, 0x0000000714800000, 0x0000000714900000|  0%| F|  |TAMS 0x0000000714800000, 0x0000000714800000| Untracked 
| 145|0x0000000714900000, 0x0000000714900000, 0x0000000714a00000|  0%| F|  |TAMS 0x0000000714900000, 0x0000000714900000| Untracked 
| 146|0x0000000714a00000, 0x0000000714a00000, 0x0000000714b00000|  0%| F|  |TAMS 0x0000000714a00000, 0x0000000714a00000| Untracked 
| 147|0x0000000714b00000, 0x0000000714b00000, 0x0000000714c00000|  0%| F|  |TAMS 0x0000000714b00000, 0x0000000714b00000| Untracked 
| 148|0x0000000714c00000, 0x0000000714c00000, 0x0000000714d00000|  0%| F|  |TAMS 0x0000000714c00000, 0x0000000714c00000| Untracked 
| 149|0x0000000714d00000, 0x0000000714d00000, 0x0000000714e00000|  0%| F|  |TAMS 0x0000000714d00000, 0x0000000714d00000| Untracked 
| 150|0x0000000714e00000, 0x0000000714e00000, 0x0000000714f00000|  0%| F|  |TAMS 0x0000000714e00000, 0x0000000714e00000| Untracked 
| 151|0x0000000714f00000, 0x0000000714f00000, 0x0000000715000000|  0%| F|  |TAMS 0x0000000714f00000, 0x0000000714f00000| Untracked 
| 152|0x0000000715000000, 0x0000000715000000, 0x0000000715100000|  0%| F|  |TAMS 0x0000000715000000, 0x0000000715000000| Untracked 
| 153|0x0000000715100000, 0x0000000715100000, 0x0000000715200000|  0%| F|  |TAMS 0x0000000715100000, 0x0000000715100000| Untracked 
| 154|0x0000000715200000, 0x0000000715200000, 0x0000000715300000|  0%| F|  |TAMS 0x0000000715200000, 0x0000000715200000| Untracked 
| 155|0x0000000715300000, 0x0000000715300000, 0x0000000715400000|  0%| F|  |TAMS 0x0000000715300000, 0x0000000715300000| Untracked 
| 156|0x0000000715400000, 0x0000000715400000, 0x0000000715500000|  0%| F|  |TAMS 0x0000000715400000, 0x0000000715400000| Untracked 
| 157|0x0000000715500000, 0x0000000715500000, 0x0000000715600000|  0%| F|  |TAMS 0x0000000715500000, 0x0000000715500000| Untracked 
| 158|0x0000000715600000, 0x0000000715600000, 0x0000000715700000|  0%| F|  |TAMS 0x0000000715600000, 0x0000000715600000| Untracked 
| 159|0x0000000715700000, 0x0000000715700000, 0x0000000715800000|  0%| F|  |TAMS 0x0000000715700000, 0x0000000715700000| Untracked 
| 160|0x0000000715800000, 0x0000000715800000, 0x0000000715900000|  0%| F|  |TAMS 0x0000000715800000, 0x0000000715800000| Untracked 
| 161|0x0000000715900000, 0x0000000715900000, 0x0000000715a00000|  0%| F|  |TAMS 0x0000000715900000, 0x0000000715900000| Untracked 
| 162|0x0000000715a00000, 0x0000000715a00000, 0x0000000715b00000|  0%| F|  |TAMS 0x0000000715a00000, 0x0000000715a00000| Untracked 
| 163|0x0000000715b00000, 0x0000000715b00000, 0x0000000715c00000|  0%| F|  |TAMS 0x0000000715b00000, 0x0000000715b00000| Untracked 
| 164|0x0000000715c00000, 0x0000000715c00000, 0x0000000715d00000|  0%| F|  |TAMS 0x0000000715c00000, 0x0000000715c00000| Untracked 
| 165|0x0000000715d00000, 0x0000000715d00000, 0x0000000715e00000|  0%| F|  |TAMS 0x0000000715d00000, 0x0000000715d00000| Untracked 
| 166|0x0000000715e00000, 0x0000000715e00000, 0x0000000715f00000|  0%| F|  |TAMS 0x0000000715e00000, 0x0000000715e00000| Untracked 
| 167|0x0000000715f00000, 0x0000000715f00000, 0x0000000716000000|  0%| F|  |TAMS 0x0000000715f00000, 0x0000000715f00000| Untracked 
| 168|0x0000000716000000, 0x0000000716000000, 0x0000000716100000|  0%| F|  |TAMS 0x0000000716000000, 0x0000000716000000| Untracked 
| 169|0x0000000716100000, 0x0000000716100000, 0x0000000716200000|  0%| F|  |TAMS 0x0000000716100000, 0x0000000716100000| Untracked 
| 170|0x0000000716200000, 0x0000000716200000, 0x0000000716300000|  0%| F|  |TAMS 0x0000000716200000, 0x0000000716200000| Untracked 
| 171|0x0000000716300000, 0x0000000716300000, 0x0000000716400000|  0%| F|  |TAMS 0x0000000716300000, 0x0000000716300000| Untracked 
| 172|0x0000000716400000, 0x0000000716400000, 0x0000000716500000|  0%| F|  |TAMS 0x0000000716400000, 0x0000000716400000| Untracked 
| 173|0x0000000716500000, 0x0000000716500000, 0x0000000716600000|  0%| F|  |TAMS 0x0000000716500000, 0x0000000716500000| Untracked 
| 174|0x0000000716600000, 0x0000000716600000, 0x0000000716700000|  0%| F|  |TAMS 0x0000000716600000, 0x0000000716600000| Untracked 
| 175|0x0000000716700000, 0x0000000716700000, 0x0000000716800000|  0%| F|  |TAMS 0x0000000716700000, 0x0000000716700000| Untracked 
| 176|0x0000000716800000, 0x0000000716800000, 0x0000000716900000|  0%| F|  |TAMS 0x0000000716800000, 0x0000000716800000| Untracked 
| 177|0x0000000716900000, 0x0000000716900000, 0x0000000716a00000|  0%| F|  |TAMS 0x0000000716900000, 0x0000000716900000| Untracked 
| 178|0x0000000716a00000, 0x0000000716a00000, 0x0000000716b00000|  0%| F|  |TAMS 0x0000000716a00000, 0x0000000716a00000| Untracked 
| 179|0x0000000716b00000, 0x0000000716b00000, 0x0000000716c00000|  0%| F|  |TAMS 0x0000000716b00000, 0x0000000716b00000| Untracked 
| 180|0x0000000716c00000, 0x0000000716c00000, 0x0000000716d00000|  0%| F|  |TAMS 0x0000000716c00000, 0x0000000716c00000| Untracked 
| 181|0x0000000716d00000, 0x0000000716d00000, 0x0000000716e00000|  0%| F|  |TAMS 0x0000000716d00000, 0x0000000716d00000| Untracked 
| 182|0x0000000716e00000, 0x0000000716e00000, 0x0000000716f00000|  0%| F|  |TAMS 0x0000000716e00000, 0x0000000716e00000| Untracked 
| 183|0x0000000716f00000, 0x0000000716f00000, 0x0000000717000000|  0%| F|  |TAMS 0x0000000716f00000, 0x0000000716f00000| Untracked 
| 184|0x0000000717000000, 0x0000000717000000, 0x0000000717100000|  0%| F|  |TAMS 0x0000000717000000, 0x0000000717000000| Untracked 
| 185|0x0000000717100000, 0x0000000717100000, 0x0000000717200000|  0%| F|  |TAMS 0x0000000717100000, 0x0000000717100000| Untracked 
| 186|0x0000000717200000, 0x0000000717200000, 0x0000000717300000|  0%| F|  |TAMS 0x0000000717200000, 0x0000000717200000| Untracked 
| 187|0x0000000717300000, 0x0000000717300000, 0x0000000717400000|  0%| F|  |TAMS 0x0000000717300000, 0x0000000717300000| Untracked 
| 188|0x0000000717400000, 0x0000000717400000, 0x0000000717500000|  0%| F|  |TAMS 0x0000000717400000, 0x0000000717400000| Untracked 
| 189|0x0000000717500000, 0x0000000717500000, 0x0000000717600000|  0%| F|  |TAMS 0x0000000717500000, 0x0000000717500000| Untracked 
| 190|0x0000000717600000, 0x0000000717600000, 0x0000000717700000|  0%| F|  |TAMS 0x0000000717600000, 0x0000000717600000| Untracked 
| 191|0x0000000717700000, 0x0000000717700000, 0x0000000717800000|  0%| F|  |TAMS 0x0000000717700000, 0x0000000717700000| Untracked 
| 192|0x0000000717800000, 0x0000000717800000, 0x0000000717900000|  0%| F|  |TAMS 0x0000000717800000, 0x0000000717800000| Untracked 
| 193|0x0000000717900000, 0x0000000717900000, 0x0000000717a00000|  0%| F|  |TAMS 0x0000000717900000, 0x0000000717900000| Untracked 
| 194|0x0000000717a00000, 0x0000000717a00000, 0x0000000717b00000|  0%| F|  |TAMS 0x0000000717a00000, 0x0000000717a00000| Untracked 
| 195|0x0000000717b00000, 0x0000000717b00000, 0x0000000717c00000|  0%| F|  |TAMS 0x0000000717b00000, 0x0000000717b00000| Untracked 
| 196|0x0000000717c00000, 0x0000000717c00000, 0x0000000717d00000|  0%| F|  |TAMS 0x0000000717c00000, 0x0000000717c00000| Untracked 
| 197|0x0000000717d00000, 0x0000000717d00000, 0x0000000717e00000|  0%| F|  |TAMS 0x0000000717d00000, 0x0000000717d00000| Untracked 
| 198|0x0000000717e00000, 0x0000000717e00000, 0x0000000717f00000|  0%| F|  |TAMS 0x0000000717e00000, 0x0000000717e00000| Untracked 
| 199|0x0000000717f00000, 0x0000000717f00000, 0x0000000718000000|  0%| F|  |TAMS 0x0000000717f00000, 0x0000000717f00000| Untracked 
| 200|0x0000000718000000, 0x0000000718000000, 0x0000000718100000|  0%| F|  |TAMS 0x0000000718000000, 0x0000000718000000| Untracked 
| 201|0x0000000718100000, 0x0000000718100000, 0x0000000718200000|  0%| F|  |TAMS 0x0000000718100000, 0x0000000718100000| Untracked 
| 202|0x0000000718200000, 0x0000000718200000, 0x0000000718300000|  0%| F|  |TAMS 0x0000000718200000, 0x0000000718200000| Untracked 
| 203|0x0000000718300000, 0x0000000718300000, 0x0000000718400000|  0%| F|  |TAMS 0x0000000718300000, 0x0000000718300000| Untracked 
| 204|0x0000000718400000, 0x0000000718400000, 0x0000000718500000|  0%| F|  |TAMS 0x0000000718400000, 0x0000000718400000| Untracked 
| 205|0x0000000718500000, 0x0000000718500000, 0x0000000718600000|  0%| F|  |TAMS 0x0000000718500000, 0x0000000718500000| Untracked 
| 206|0x0000000718600000, 0x0000000718600000, 0x0000000718700000|  0%| F|  |TAMS 0x0000000718600000, 0x0000000718600000| Untracked 
| 207|0x0000000718700000, 0x0000000718700000, 0x0000000718800000|  0%| F|  |TAMS 0x0000000718700000, 0x0000000718700000| Untracked 
| 208|0x0000000718800000, 0x0000000718800000, 0x0000000718900000|  0%| F|  |TAMS 0x0000000718800000, 0x0000000718800000| Untracked 
| 209|0x0000000718900000, 0x0000000718900000, 0x0000000718a00000|  0%| F|  |TAMS 0x0000000718900000, 0x0000000718900000| Untracked 
| 210|0x0000000718a00000, 0x0000000718a00000, 0x0000000718b00000|  0%| F|  |TAMS 0x0000000718a00000, 0x0000000718a00000| Untracked 
| 211|0x0000000718b00000, 0x0000000718b00000, 0x0000000718c00000|  0%| F|  |TAMS 0x0000000718b00000, 0x0000000718b00000| Untracked 
| 212|0x0000000718c00000, 0x0000000718c00000, 0x0000000718d00000|  0%| F|  |TAMS 0x0000000718c00000, 0x0000000718c00000| Untracked 
| 213|0x0000000718d00000, 0x0000000718d00000, 0x0000000718e00000|  0%| F|  |TAMS 0x0000000718d00000, 0x0000000718d00000| Untracked 
| 214|0x0000000718e00000, 0x0000000718e00000, 0x0000000718f00000|  0%| F|  |TAMS 0x0000000718e00000, 0x0000000718e00000| Untracked 
| 215|0x0000000718f00000, 0x0000000718f00000, 0x0000000719000000|  0%| F|  |TAMS 0x0000000718f00000, 0x0000000718f00000| Untracked 
| 216|0x0000000719000000, 0x0000000719000000, 0x0000000719100000|  0%| F|  |TAMS 0x0000000719000000, 0x0000000719000000| Untracked 
| 217|0x0000000719100000, 0x0000000719100000, 0x0000000719200000|  0%| F|  |TAMS 0x0000000719100000, 0x0000000719100000| Untracked 
| 218|0x0000000719200000, 0x0000000719200000, 0x0000000719300000|  0%| F|  |TAMS 0x0000000719200000, 0x0000000719200000| Untracked 
| 219|0x0000000719300000, 0x0000000719300000, 0x0000000719400000|  0%| F|  |TAMS 0x0000000719300000, 0x0000000719300000| Untracked 
| 220|0x0000000719400000, 0x0000000719400000, 0x0000000719500000|  0%| F|  |TAMS 0x0000000719400000, 0x0000000719400000| Untracked 
| 221|0x0000000719500000, 0x0000000719500000, 0x0000000719600000|  0%| F|  |TAMS 0x0000000719500000, 0x0000000719500000| Untracked 
| 222|0x0000000719600000, 0x0000000719600000, 0x0000000719700000|  0%| F|  |TAMS 0x0000000719600000, 0x0000000719600000| Untracked 
| 223|0x0000000719700000, 0x0000000719700000, 0x0000000719800000|  0%| F|  |TAMS 0x0000000719700000, 0x0000000719700000| Untracked 
| 224|0x0000000719800000, 0x0000000719800000, 0x0000000719900000|  0%| F|  |TAMS 0x0000000719800000, 0x0000000719800000| Untracked 
| 225|0x0000000719900000, 0x0000000719900000, 0x0000000719a00000|  0%| F|  |TAMS 0x0000000719900000, 0x0000000719900000| Untracked 
| 226|0x0000000719a00000, 0x0000000719a00000, 0x0000000719b00000|  0%| F|  |TAMS 0x0000000719a00000, 0x0000000719a00000| Untracked 
| 227|0x0000000719b00000, 0x0000000719b00000, 0x0000000719c00000|  0%| F|  |TAMS 0x0000000719b00000, 0x0000000719b00000| Untracked 
| 228|0x0000000719c00000, 0x0000000719c00800, 0x0000000719d00000|  0%| E|  |TAMS 0x0000000719c00000, 0x0000000719c00000| Complete 
| 229|0x0000000719d00000, 0x0000000719e00000, 0x0000000719e00000|100%| E|CS|TAMS 0x0000000719d00000, 0x0000000719d00000| Complete 
| 230|0x0000000719e00000, 0x0000000719f00000, 0x0000000719f00000|100%| E|CS|TAMS 0x0000000719e00000, 0x0000000719e00000| Complete 
| 231|0x0000000719f00000, 0x000000071a000000, 0x000000071a000000|100%| E|CS|TAMS 0x0000000719f00000, 0x0000000719f00000| Complete 
| 232|0x000000071a000000, 0x000000071a100000, 0x000000071a100000|100%| E|CS|TAMS 0x000000071a000000, 0x000000071a000000| Complete 
| 233|0x000000071a100000, 0x000000071a200000, 0x000000071a200000|100%| E|CS|TAMS 0x000000071a100000, 0x000000071a100000| Complete 
| 234|0x000000071a200000, 0x000000071a300000, 0x000000071a300000|100%| E|CS|TAMS 0x000000071a200000, 0x000000071a200000| Complete 
| 235|0x000000071a300000, 0x000000071a400000, 0x000000071a400000|100%| E|CS|TAMS 0x000000071a300000, 0x000000071a300000| Complete 
| 236|0x000000071a400000, 0x000000071a500000, 0x000000071a500000|100%| E|CS|TAMS 0x000000071a400000, 0x000000071a400000| Complete 
| 237|0x000000071a500000, 0x000000071a600000, 0x000000071a600000|100%| E|CS|TAMS 0x000000071a500000, 0x000000071a500000| Complete 
| 238|0x000000071a600000, 0x000000071a700000, 0x000000071a700000|100%| E|CS|TAMS 0x000000071a600000, 0x000000071a600000| Complete 
| 239|0x000000071a700000, 0x000000071a800000, 0x000000071a800000|100%| E|CS|TAMS 0x000000071a700000, 0x000000071a700000| Complete 
| 240|0x000000071a800000, 0x000000071a900000, 0x000000071a900000|100%| E|CS|TAMS 0x000000071a800000, 0x000000071a800000| Complete 
| 241|0x000000071a900000, 0x000000071aa00000, 0x000000071aa00000|100%| E|  |TAMS 0x000000071a900000, 0x000000071a900000| Complete 
| 242|0x000000071aa00000, 0x000000071ab00000, 0x000000071ab00000|100%| E|CS|TAMS 0x000000071aa00000, 0x000000071aa00000| Complete 
| 243|0x000000071ab00000, 0x000000071ac00000, 0x000000071ac00000|100%| E|CS|TAMS 0x000000071ab00000, 0x000000071ab00000| Complete 
| 244|0x000000071ac00000, 0x000000071ad00000, 0x000000071ad00000|100%| E|CS|TAMS 0x000000071ac00000, 0x000000071ac00000| Complete 
| 245|0x000000071ad00000, 0x000000071ae00000, 0x000000071ae00000|100%| E|CS|TAMS 0x000000071ad00000, 0x000000071ad00000| Complete 

Card table byte_map: [0x00000201c8470000,0x00000201c8c20000] _byte_map_base: 0x00000201c4c14000

Marking Bits (Prev, Next): (CMBitMap*) 0x00000201adb8f308, (CMBitMap*) 0x00000201adb8f340
 Prev Bits: [0x00000201c93d0000, 0x00000201cd0f0000)
 Next Bits: [0x00000201cd0f0000, 0x00000201d0e10000)

Polling page: 0x00000201ad7b0000

Metaspace:

Usage:
  Non-class:     11.51 MB capacity,    11.37 MB ( 99%) used,   128.48 KB (  1%) free+waste,    14.56 KB ( <1%) overhead. 
      Class:      1.02 MB capacity,   973.26 KB ( 93%) used,    63.93 KB (  6%) free+waste,     5.81 KB ( <1%) overhead. 
       Both:     12.53 MB capacity,    12.32 MB ( 98%) used,   192.41 KB (  2%) free+waste,    20.38 KB ( <1%) overhead. 

Virtual space:
  Non-class space:       12.00 MB reserved,      11.75 MB ( 98%) committed 
      Class space:        1.00 GB reserved,       1.12 MB ( <1%) committed 
             Both:        1.01 GB reserved,      12.88 MB (  1%) committed 

Chunk freelists:
   Non-Class:  121.00 KB
       Class:  13.00 KB
        Both:  134.00 KB

MaxMetaspaceSize: 17179869184.00 GB
CompressedClassSpaceSize: 1.00 GB
Initial GC threshold: 20.80 MB
Current GC threshold: 20.80 MB
CDS: off

CodeHeap 'non-profiled nmethods': size=119168Kb used=264Kb max_used=264Kb free=118903Kb
 bounds [0x00000201bf880000, 0x00000201bfaf0000, 0x00000201c6ce0000]
CodeHeap 'profiled nmethods': size=119168Kb used=1675Kb max_used=1675Kb free=117492Kb
 bounds [0x00000201b8420000, 0x00000201b8690000, 0x00000201bf880000]
CodeHeap 'non-nmethods': size=7424Kb used=1654Kb max_used=2233Kb free=5770Kb
 bounds [0x00000201b7ce0000, 0x00000201b7f50000, 0x00000201b8420000]
 total_blobs=1963 nmethods=906 adapters=970
 compilation: enabled
              stopped_count=0, restarted_count=0
 full_count=0

Compilation events (20 events):
Event: 0.599 Thread 0x00000201d489b000  888   !   4       java.util.jar.JarFile::isMultiRelease (33 bytes)
Event: 0.606 Thread 0x00000201d489b000 nmethod 888 0x00000201bf8c0190 code [0x00000201bf8c0400, 0x00000201bf8c1020]
Event: 0.616 Thread 0x00000201d48a0800  898       3       sun.nio.cs.DoubleByte$Encoder::encodeChar (21 bytes)
Event: 0.616 Thread 0x00000201d49fc000  899       3       java.nio.ByteBuffer::arrayOffset (35 bytes)
Event: 0.616 Thread 0x00000201d48a0800 nmethod 898 0x00000201b85be310 code [0x00000201b85be4c0, 0x00000201b85be638]
Event: 0.616 Thread 0x00000201d49fc000 nmethod 899 0x00000201b85be790 code [0x00000201b85be960, 0x00000201b85bec38]
Event: 0.616 Thread 0x00000201d489b000  900       4       java.lang.StringBuilder::append (8 bytes)
Event: 0.616 Thread 0x00000201d48a0800  901       3       java.nio.CharBuffer::arrayOffset (35 bytes)
Event: 0.616 Thread 0x00000201d48a0800 nmethod 901 0x00000201b85bed90 code [0x00000201b85bef60, 0x00000201b85bf238]
Event: 0.621 Thread 0x00000201d489b000 nmethod 900 0x00000201bf8c1610 code [0x00000201bf8c17e0, 0x00000201bf8c1ef8]
Event: 9.227 Thread 0x00000201d48a0800  902       3       java.util.jar.Manifest$FastInputStream::peek (38 bytes)
Event: 9.227 Thread 0x00000201d48a0800 nmethod 902 0x00000201b85bf390 code [0x00000201b85bf560, 0x00000201b85bf768]
Event: 9.227 Thread 0x00000201d48a0800  906       3       java.lang.StringCoding::resultCached (50 bytes)
Event: 9.228 Thread 0x00000201d48a0800 nmethod 906 0x00000201b85bf890 code [0x00000201b85bfb00, 0x00000201b85c08b8]
Event: 9.228 Thread 0x00000201d48a0800  903       3       java.util.jar.Attributes::putValue (13 bytes)
Event: 9.228 Thread 0x00000201d48a0800 nmethod 903 0x00000201b85c0c90 code [0x00000201b85c0f00, 0x00000201b85c19c8]
Event: 9.228 Thread 0x00000201d48a0800  904       3       java.util.jar.Attributes$Name::of (28 bytes)
Event: 9.228 Thread 0x00000201d48a0800 nmethod 904 0x00000201b85c1d10 code [0x00000201b85c1f40, 0x00000201b85c2618]
Event: 9.228 Thread 0x00000201d48a0800  905       3       java.util.jar.Attributes::put (18 bytes)
Event: 9.228 Thread 0x00000201d48a0800 nmethod 905 0x00000201b85c2890 code [0x00000201b85c2a60, 0x00000201b85c2e28]

GC Heap History (0 events):
No events

Deoptimization events (20 events):
Event: 0.264 Thread 0x00000201d510a000 Uncommon trap: trap_request=0xffffff4d fr.pc=0x00000201bf8a5724 relative=0x0000000000000464
Event: 0.264 Thread 0x00000201d510a000 Uncommon trap: reason=unstable_if action=reinterpret pc=0x00000201bf8a5724 method=java.lang.AbstractStringBuilder.putStringAt(ILjava/lang/String;)V @ 8 c2
Event: 0.264 Thread 0x00000201d510a000 DEOPT PACKING pc=0x00000201bf8a5724 sp=0x000000748f1fee20
Event: 0.264 Thread 0x00000201d510a000 DEOPT UNPACKING pc=0x00000201b7ce85af sp=0x000000748f1fed80 mode 2
Event: 0.264 Thread 0x00000201d510a000 Uncommon trap: trap_request=0xffffff4d fr.pc=0x00000201bf8a35f0 relative=0x00000000000000d0
Event: 0.264 Thread 0x00000201d510a000 Uncommon trap: reason=unstable_if action=reinterpret pc=0x00000201bf8a35f0 method=java.lang.String.getBytes([BIB)V @ 5 c2
Event: 0.264 Thread 0x00000201d510a000 DEOPT PACKING pc=0x00000201bf8a35f0 sp=0x000000748f1fed30
Event: 0.264 Thread 0x00000201d510a000 DEOPT UNPACKING pc=0x00000201b7ce85af sp=0x000000748f1fecf8 mode 2
Event: 0.407 Thread 0x00000201adb25000 Uncommon trap: trap_request=0xffffff76 fr.pc=0x00000201bf8b123c relative=0x00000000000003fc
Event: 0.407 Thread 0x00000201adb25000 Uncommon trap: reason=loop_limit_check action=maybe_recompile pc=0x00000201bf8b123c method=java.lang.StringLatin1.indexOf([BI[BII)I @ 37 c2
Event: 0.407 Thread 0x00000201adb25000 DEOPT PACKING pc=0x00000201bf8b123c sp=0x000000748dbfdf70
Event: 0.407 Thread 0x00000201adb25000 DEOPT UNPACKING pc=0x00000201b7ce85af sp=0x000000748dbfded0 mode 2
Event: 0.414 Thread 0x00000201adb25000 Uncommon trap: trap_request=0xffffff5c fr.pc=0x00000201bf8b6000 relative=0x0000000000000060
Event: 0.414 Thread 0x00000201adb25000 Uncommon trap: reason=speculate_null_assert action=make_not_entrant pc=0x00000201bf8b6000 method=sun.misc.Unsafe.putLong(Ljava/lang/Object;JJ)V @ 7 c2
Event: 0.414 Thread 0x00000201adb25000 DEOPT PACKING pc=0x00000201bf8b6000 sp=0x000000748dbfeb60
Event: 0.414 Thread 0x00000201adb25000 DEOPT UNPACKING pc=0x00000201b7ce85af sp=0x000000748dbfead8 mode 2
Event: 0.431 Thread 0x00000201adb25000 Uncommon trap: trap_request=0xffffff5c fr.pc=0x00000201bf8b72f8 relative=0x0000000000000058
Event: 0.431 Thread 0x00000201adb25000 Uncommon trap: reason=speculate_null_assert action=make_not_entrant pc=0x00000201bf8b72f8 method=sun.misc.Unsafe.getLong(Ljava/lang/Object;J)J @ 5 c2
Event: 0.431 Thread 0x00000201adb25000 DEOPT PACKING pc=0x00000201bf8b72f8 sp=0x000000748dbfe9f0
Event: 0.431 Thread 0x00000201adb25000 DEOPT UNPACKING pc=0x00000201b7ce85af sp=0x000000748dbfe978 mode 2

Classes redefined (0 events):
No events

Internal exceptions (20 events):
Event: 0.199 Thread 0x00000201adb25000 Exception <a 'java/lang/NoSuchMethodError'{0x000000071a63cdb8}: 'java.lang.Object java.lang.invoke.Invokers$Holder.linkToTargetMethod(java.lang.Object, int, java.lang.Object)'> (0x000000071a63cdb8) thrown at [s\src\hotspot\share\interpreter\linkResolver.cpp, line 773]
Event: 0.200 Thread 0x00000201adb25000 Exception <a 'java/lang/NoSuchMethodError'{0x000000071a6503d0}: 'int java.lang.invoke.DirectMethodHandle$Holder.invokeStaticInit(java.lang.Object, java.lang.Object, long, long)'> (0x000000071a6503d0) thrown at [s\src\hotspot\share\interpreter\linkResolver.cpp, line 773]
Event: 0.201 Thread 0x00000201adb25000 Exception <a 'java/lang/NoSuchMethodError'{0x000000071a65bb30}: 'java.lang.Object java.lang.invoke.Invokers$Holder.linkToTargetMethod(java.lang.Object, long, java.lang.Object)'> (0x000000071a65bb30) thrown at [s\src\hotspot\share\interpreter\linkResolver.cpp, line 773]
Event: 0.201 Thread 0x00000201adb25000 Exception <a 'java/lang/NoSuchMethodError'{0x000000071a661e68}: 'int java.lang.invoke.DirectMethodHandle$Holder.invokeStaticInit(java.lang.Object, java.lang.Object, java.lang.Object, long)'> (0x000000071a661e68) thrown at [s\src\hotspot\share\interpreter\linkResolver.cpp, line 773]
Event: 0.204 Thread 0x00000201adb25000 Exception <a 'java/security/PrivilegedActionException'{0x000000071a6713c8}> (0x000000071a6713c8) thrown at [s\src\hotspot\share\prims\jvm.cpp, line 1306]
Event: 0.204 Thread 0x00000201adb25000 Exception <a 'java/security/PrivilegedActionException'{0x000000071a671698}> (0x000000071a671698) thrown at [s\src\hotspot\share\prims\jvm.cpp, line 1306]
Event: 0.205 Thread 0x00000201adb25000 Exception <a 'java/security/PrivilegedActionException'{0x000000071a6746b8}> (0x000000071a6746b8) thrown at [s\src\hotspot\share\prims\jvm.cpp, line 1306]
Event: 0.205 Thread 0x00000201adb25000 Exception <a 'java/security/PrivilegedActionException'{0x000000071a674988}> (0x000000071a674988) thrown at [s\src\hotspot\share\prims\jvm.cpp, line 1306]
Event: 0.205 Thread 0x00000201adb25000 Exception <a 'java/security/PrivilegedActionException'{0x000000071a676d98}> (0x000000071a676d98) thrown at [s\src\hotspot\share\prims\jvm.cpp, line 1306]
Event: 0.205 Thread 0x00000201adb25000 Exception <a 'java/security/PrivilegedActionException'{0x000000071a677068}> (0x000000071a677068) thrown at [s\src\hotspot\share\prims\jvm.cpp, line 1306]
Event: 0.205 Thread 0x00000201adb25000 Exception <a 'java/security/PrivilegedActionException'{0x000000071a679418}> (0x000000071a679418) thrown at [s\src\hotspot\share\prims\jvm.cpp, line 1306]
Event: 0.205 Thread 0x00000201adb25000 Exception <a 'java/security/PrivilegedActionException'{0x000000071a6796e8}> (0x000000071a6796e8) thrown at [s\src\hotspot\share\prims\jvm.cpp, line 1306]
Event: 0.232 Thread 0x00000201adb25000 Exception <a 'sun/nio/fs/WindowsException'{0x000000071a5d47c8}> (0x000000071a5d47c8) thrown at [s\src\hotspot\share\prims\jni.cpp, line 617]
Event: 0.232 Thread 0x00000201adb25000 Exception <a 'sun/nio/fs/WindowsException'{0x000000071a5d4af8}> (0x000000071a5d4af8) thrown at [s\src\hotspot\share\prims\jni.cpp, line 617]
Event: 0.259 Thread 0x00000201adb25000 Exception <a 'java/lang/NoSuchMethodError'{0x000000071a494438}: 'void java.lang.invoke.DirectMethodHandle$Holder.invokeSpecial(java.lang.Object, java.lang.Object)'> (0x000000071a494438) thrown at [s\src\hotspot\share\interpreter\linkResolver.cpp, line 773]
Event: 0.409 Thread 0x00000201adb25000 Exception <a 'sun/nio/fs/WindowsException'{0x000000071a216420}> (0x000000071a216420) thrown at [s\src\hotspot\share\prims\jni.cpp, line 617]
Event: 0.409 Thread 0x00000201adb25000 Exception <a 'sun/nio/fs/WindowsException'{0x000000071a216790}> (0x000000071a216790) thrown at [s\src\hotspot\share\prims\jni.cpp, line 617]
Event: 0.412 Thread 0x00000201adb25000 Exception <a 'sun/nio/fs/WindowsException'{0x000000071a2313e8}> (0x000000071a2313e8) thrown at [s\src\hotspot\share\prims\jni.cpp, line 617]
Event: 0.412 Thread 0x00000201adb25000 Exception <a 'sun/nio/fs/WindowsException'{0x000000071a231688}> (0x000000071a231688) thrown at [s\src\hotspot\share\prims\jni.cpp, line 617]
Event: 0.584 Thread 0x00000201adb25000 Exception <a 'java/lang/NoSuchMethodError'{0x0000000719dd65f0}: 'com.badlogic.gdx.utils.ArrayMap kw.manager.core.csv.CsvReadFile.getChongwuMapAll()'> (0x0000000719dd65f0) thrown at [s\src\hotspot\share\interpreter\linkResolver.cpp, line 773]

Events (20 events):
Event: 9.228 loading class org/lwjgl/glfw/GLFWNativeWin32
Event: 9.228 loading class org/lwjgl/glfw/GLFWNativeWin32 done
Event: 9.228 Executing VM operation: RevokeBias
Event: 9.228 Executing VM operation: RevokeBias done
Event: 9.228 Executing VM operation: RevokeBias
Event: 9.228 Executing VM operation: RevokeBias done
Event: 9.228 Executing VM operation: RevokeBias
Event: 9.229 Executing VM operation: RevokeBias done
Event: 9.229 Executing VM operation: RevokeBias
Event: 9.229 Executing VM operation: RevokeBias done
Event: 9.229 Executing VM operation: RevokeBias
Event: 9.229 Executing VM operation: RevokeBias done
Event: 9.229 Executing VM operation: RevokeBias
Event: 9.229 Executing VM operation: RevokeBias done
Event: 9.229 Executing VM operation: RevokeBias
Event: 9.229 Executing VM operation: RevokeBias done
Event: 9.229 Executing VM operation: RevokeBias
Event: 9.229 Executing VM operation: RevokeBias done
Event: 9.229 loading class org/lwjgl/glfw/GLFWNativeWin32$Functions
Event: 9.229 loading class org/lwjgl/glfw/GLFWNativeWin32$Functions done


Dynamic libraries:
0x00007ff6c06e0000 - 0x00007ff6c06ee000 	C:\Users\a\.jdks\corretto-11.0.26\bin\java.exe
0x00007ff9990c0000 - 0x00007ff999328000 	C:\WINDOWS\SYSTEM32\ntdll.dll
0x00007ff998210000 - 0x00007ff9982d9000 	C:\WINDOWS\System32\KERNEL32.DLL
0x00007ff996820000 - 0x00007ff996c18000 	C:\WINDOWS\System32\KERNELBASE.dll
0x00007ff996380000 - 0x00007ff9964cb000 	C:\WINDOWS\System32\ucrtbase.dll
0x00007ff98ce50000 - 0x00007ff98ce6b000 	C:\Users\a\.jdks\corretto-11.0.26\bin\VCRUNTIME140.dll
0x00007ff98d960000 - 0x00007ff98d977000 	C:\Users\a\.jdks\corretto-11.0.26\bin\jli.dll
0x00007ff998ab0000 - 0x00007ff998c77000 	C:\WINDOWS\System32\USER32.dll
0x00007ff9964d0000 - 0x00007ff9964f7000 	C:\WINDOWS\System32\win32u.dll
0x00007ff996f40000 - 0x00007ff996f6b000 	C:\WINDOWS\System32\GDI32.dll
0x00007ff96b2d0000 - 0x00007ff96b564000 	C:\WINDOWS\WinSxS\amd64_microsoft.windows.common-controls_6595b64144ccf1df_6.0.26100.7019_none_3e06ffa0e335b8a8\COMCTL32.dll
0x00007ff996640000 - 0x00007ff99676c000 	C:\WINDOWS\System32\gdi32full.dll
0x00007ff996e90000 - 0x00007ff996f39000 	C:\WINDOWS\System32\msvcrt.dll
0x00007ff996590000 - 0x00007ff996633000 	C:\WINDOWS\System32\msvcp_win.dll
0x00007ff9983c0000 - 0x00007ff9983f1000 	C:\WINDOWS\System32\IMM32.DLL
0x0000000056fc0000 - 0x0000000056fcd000 	C:\Program Files (x86)\360\360Safe\safemon\SafeWrapper.dll
0x00007ff9970c0000 - 0x00007ff997174000 	C:\WINDOWS\System32\ADVAPI32.dll
0x00007ff997cc0000 - 0x00007ff997d66000 	C:\WINDOWS\System32\sechost.dll
0x00007ff998890000 - 0x00007ff9989a8000 	C:\WINDOWS\System32\RPCRT4.dll
0x00007ff98bcd0000 - 0x00007ff98bdd4000 	C:\Program Files (x86)\360\360Safe\safemon\libzdtp64.dll
0x00007ff997560000 - 0x00007ff997caf000 	C:\WINDOWS\System32\SHELL32.dll
0x00007ff996210000 - 0x00007ff99637b000 	C:\WINDOWS\System32\wintypes.dll
0x00007ff997d90000 - 0x00007ff99811b000 	C:\WINDOWS\System32\combase.dll
0x00007ff9981a0000 - 0x00007ff998207000 	C:\WINDOWS\System32\SHLWAPI.dll
0x00007ff995ab0000 - 0x00007ff995abb000 	C:\WINDOWS\SYSTEM32\VERSION.dll
0x00007ff98d560000 - 0x00007ff98d56c000 	C:\Users\a\.jdks\corretto-11.0.26\bin\vcruntime140_1.dll
0x00007ff98c870000 - 0x00007ff98c8fd000 	C:\Users\a\.jdks\corretto-11.0.26\bin\msvcp140.dll
0x00007ff948b20000 - 0x00007ff9496e5000 	C:\Users\a\.jdks\corretto-11.0.26\bin\server\jvm.dll
0x00007ff998120000 - 0x00007ff998194000 	C:\WINDOWS\System32\WS2_32.dll
0x00007ff997d80000 - 0x00007ff997d88000 	C:\WINDOWS\System32\PSAPI.DLL
0x00007ff9876e0000 - 0x00007ff987715000 	C:\WINDOWS\SYSTEM32\WINMM.dll
0x00007ff994ed0000 - 0x00007ff994eeb000 	C:\WINDOWS\SYSTEM32\kernel.appcore.dll
0x00007ff98ce40000 - 0x00007ff98ce50000 	C:\Users\a\.jdks\corretto-11.0.26\bin\verify.dll
0x00007ff993550000 - 0x00007ff993792000 	C:\WINDOWS\SYSTEM32\DBGHELP.DLL
0x00007ff9982e0000 - 0x00007ff9983b7000 	C:\WINDOWS\System32\OLEAUT32.dll
0x00007ff98c440000 - 0x00007ff98c47c000 	C:\WINDOWS\SYSTEM32\dbgcore.DLL
0x00007ff996770000 - 0x00007ff996815000 	C:\WINDOWS\System32\bcryptPrimitives.dll
0x00007ff98c6e0000 - 0x00007ff98c708000 	C:\Users\a\.jdks\corretto-11.0.26\bin\java.dll
0x00007ff98ce00000 - 0x00007ff98ce0a000 	C:\Users\a\.jdks\corretto-11.0.26\bin\jimage.dll
0x00007ff98c6c0000 - 0x00007ff98c6d8000 	C:\Users\a\.jdks\corretto-11.0.26\bin\zip.dll
0x00007ff993d70000 - 0x00007ff9945cd000 	C:\WINDOWS\SYSTEM32\windows.storage.dll
0x00007ff9989b0000 - 0x00007ff998aa2000 	C:\WINDOWS\System32\SHCORE.dll
0x00007ff996130000 - 0x00007ff996159000 	C:\WINDOWS\SYSTEM32\profapi.dll
0x00007ff98c3b0000 - 0x00007ff98c3c9000 	C:\Users\a\.jdks\corretto-11.0.26\bin\net.dll
0x00007ff98f2d0000 - 0x00007ff98f3f8000 	C:\WINDOWS\SYSTEM32\WINHTTP.dll
0x00007ff995420000 - 0x00007ff99548b000 	C:\WINDOWS\system32\mswsock.dll
0x00007ff986850000 - 0x00007ff986862000 	C:\Users\a\.jdks\corretto-11.0.26\bin\nio.dll
0x00000000562c0000 - 0x00000000562e9000 	C:\Users\a\AppData\Local\Temp\libgdxa\e787ab0a\gdx64.dll
0x00007ff9866c0000 - 0x00007ff98673b000 	C:\Users\a\AppData\Local\Temp\lwjgl_a\3.3.3+5\x64\lwjgl.dll
0x00007ff9679f0000 - 0x00007ff967a72000 	C:\Users\a\AppData\Local\Temp\lwjgl_a\3.3.3+5\x64\glfw.dll
0x00007ff96ad30000 - 0x00007ff96ad7b000 	C:\WINDOWS\SYSTEM32\dinput8.dll
0x00007ff986ba0000 - 0x00007ff986bbc000 	C:\WINDOWS\SYSTEM32\xinput1_4.dll
0x00007ff995d00000 - 0x00007ff995d2d000 	C:\WINDOWS\SYSTEM32\DEVOBJ.dll
0x00007ff995d30000 - 0x00007ff995d87000 	C:\WINDOWS\SYSTEM32\cfgmgr32.dll
0x00007ff9925f0000 - 0x00007ff992620000 	C:\WINDOWS\SYSTEM32\dwmapi.dll
0x00007ff981680000 - 0x00007ff981861000 	C:\WINDOWS\SYSTEM32\inputhost.dll
0x00007ff991e00000 - 0x00007ff991f27000 	C:\WINDOWS\SYSTEM32\CoreMessaging.dll
0x00007ff9924f0000 - 0x00007ff99259a000 	C:\WINDOWS\system32\uxtheme.dll
0x00007ff995670000 - 0x00007ff99567c000 	C:\WINDOWS\SYSTEM32\CRYPTBASE.DLL
0x00007ff997180000 - 0x00007ff9972de000 	C:\WINDOWS\System32\MSCTF.dll
0x00007ff93ad00000 - 0x00007ff93ae0c000 	C:\WINDOWS\SYSTEM32\opengl32.dll
0x00007ff93acd0000 - 0x00007ff93acfd000 	C:\WINDOWS\SYSTEM32\GLU32.dll
0x00007ff9929a0000 - 0x00007ff9929e3000 	C:\WINDOWS\SYSTEM32\dxcore.dll
0x00007ff98c2d0000 - 0x00007ff98c333000 	C:\WINDOWS\SYSTEM32\directxdatabasehelper.dll
0x00007ff980860000 - 0x00007ff98087a000 	C:\WINDOWS\SYSTEM32\windows.staterepositorycore.dll
0x00007ff92f7d0000 - 0x00007ff92f800000 	C:\WINDOWS\System32\DriverStore\FileRepository\u0417726.inf_amd64_e42fc77a6c56d730\B417702\atig6pxx.dll
0x00007ff918280000 - 0x00007ff91c446000 	C:\WINDOWS\System32\DriverStore\FileRepository\u0417726.inf_amd64_e42fc77a6c56d730\B417702\atio6axx.dll
0x00007ff998400000 - 0x00007ff99888a000 	C:\WINDOWS\System32\SETUPAPI.dll
0x00007ff996500000 - 0x00007ff99657f000 	C:\WINDOWS\System32\WINTRUST.dll
0x00007ff996ce0000 - 0x00007ff996e57000 	C:\WINDOWS\System32\CRYPT32.dll
0x00007ff995870000 - 0x00007ff995883000 	C:\WINDOWS\SYSTEM32\MSASN1.dll
0x00007ff996100000 - 0x00007ff99612a000 	C:\WINDOWS\SYSTEM32\BCrypt.dll
0x00007ff987670000 - 0x00007ff9876a7000 	C:\WINDOWS\System32\DriverStore\FileRepository\u0417726.inf_amd64_e42fc77a6c56d730\B417702\amdihk64.dll
0x00007ff961190000 - 0x00007ff9611ee000 	C:\Users\a\AppData\Local\Temp\lwjgl_a\3.3.3+5\x64\lwjgl_opengl.dll
0x00007ff9850c0000 - 0x00007ff985207000 	C:\WINDOWS\SYSTEM32\textinputframework.dll
0x00007ff98b760000 - 0x00007ff98ba42000 	C:\WINDOWS\SYSTEM32\CoreUIComponents.dll
0x00007ff9845a0000 - 0x00007ff984619000 	C:\WINDOWS\system32\Oleacc.dll
0x00007ff996fe0000 - 0x00007ff997090000 	C:\WINDOWS\System32\clbcatq.dll
0x00007ff9973c0000 - 0x00007ff997557000 	C:\WINDOWS\System32\ole32.dll

dbghelp: loaded successfully - version: 4.0.5 - missing functions: none
symbol engine: initialized successfully - sym options: 0x614 - pdb path: .;C:\Users\a\.jdks\corretto-11.0.26\bin;C:\WINDOWS\SYSTEM32;C:\WINDOWS\WinSxS\amd64_microsoft.windows.common-controls_6595b64144ccf1df_6.0.26100.7019_none_3e06ffa0e335b8a8;C:\Program Files (x86)\360\360Safe\safemon;C:\Users\a\.jdks\corretto-11.0.26\bin\server;C:\Users\a\AppData\Local\Temp\libgdxa\e787ab0a;C:\Users\a\AppData\Local\Temp\lwjgl_a\3.3.3+5\x64;C:\WINDOWS\System32\DriverStore\FileRepository\u0417726.inf_amd64_e42fc77a6c56d730\B417702

VM Arguments:
java_command: wk.com.test.DesktopPetLauncher
java_class_path (initial): D:\java\desktopwallpaper\desktop\build\classes\java\main;D:\java\desktopwallpaper\desktop\build\resources\main;D:\java\desktopwallpaper\desktop\libs\AppleJavaExtensions-1.4.jar;D:\java\desktopwallpaper\desktop\libs\gdx-backend-lwjgl-natives.jar;D:\java\desktopwallpaper\desktop\libs\jlayer-1.0.1-libgdx.jar;D:\java\desktopwallpaper\desktop\libs\jlayer-1.0.1-libgdx.zip;D:\java\desktopwallpaper\desktop\libs\gdx-platform-1.11.0-natives-desktop.jar;D:\java\desktopwallpaper\desktop\libs\jorbis.jar;D:\java\desktopwallpaper\wallpapermanagercore\build\libs\wallpapermanagercore-1.0.jar;D:\java\desktopwallpaper\wallpapercore\build\libs\wallpapercore-1.0.jar;D:\java\desktopwallpaper\deskPet\build\libs\deskPet-1.0.jar;D:\java\desktopwallpaper\libCommon\build\libs\libCommon-1.0.jar;C:\Users\a\.gradle\caches\modules-2\files-2.1\net.java.dev.jna\jna-platform\5.14.0\28934d48aed814f11e4c584da55c49fa7032b31b\jna-platform-5.14.0.jar;C:\Users\a\.gradle\caches\modules-2\files-2.1\net.java.dev.jna\jna\5.14.0\67bf3eaea4f0718cb376a181a629e5f88fa1c9dd\jna-5.14.0.jar;D:\java\desktopwallpaper\libSpine\build\libs\libSpine-1.0.jar;D:\java\desktopwallpaper\libGdx\build\libs\libGdx-1.0.jar;C:\Users\a\.gradle\caches\modules-2\files-2.1\junit\junit\4.12\2973d150c0dc1fefe998f834810d68f278ea58ec\junit-4.12.jar;C:\Users\a\.gradle\caches\modules-2\files-2.1\org.lwjgl\lwjgl-glfw\3.3.3\efa1eb78c5ccd840e9f329717109b5e892d72f8e\lwjgl-glfw-3.3.3.jar;C:\Users\a\.gradle\caches\modules-2\files-2.1\org.lwjgl\lwjgl-glfw\3.3.3\e449e28b4891fc423c54c85fbc5bb0b9efece67a\lwjgl-glfw-3.3.3-natives-windows.jar;C:\Users\a\.gradle\caches\modules-2\files-2.1\org.lwjgl\lwjgl-glfw\3.3.3\32334f3fd5270a59bad9939a93115acb6de36dcf\lwjgl-glfw-3.3.3-natives-windows-x86.jar;C:\Users\a\.gradle\caches\modules-2\files-2.1\org.lwjgl\lwjgl-jemalloc\3.3.3\426222fc027602a5f21b9c0fe79cde6a4c7a011f\lwjgl-jemalloc-3.3.3-natives-windows.jar;C:\Users\a\.gradle\caches\modules-2\files-2.1\org.lwjgl\lwjgl-jemalloc\3.3.3
Launcher Type: SUN_STANDARD

[Global flags]
     intx CICompilerCount                          = 12                                        {product} {ergonomic}
     uint ConcGCThreads                            = 3                                         {product} {ergonomic}
     uint G1ConcRefinementThreads                  = 13                                        {product} {ergonomic}
   size_t G1HeapRegionSize                         = 1048576                                   {product} {ergonomic}
    uintx GCDrainStackTargetSize                   = 64                                        {product} {ergonomic}
   size_t InitialHeapSize                          = 257949696                                 {product} {ergonomic}
   size_t MarkStackSize                            = 4194304                                   {product} {ergonomic}
   size_t MaxHeapSize                              = 4102029312                                {product} {ergonomic}
   size_t MaxNewSize                               = 2461007872                                {product} {ergonomic}
   size_t MinHeapDeltaBytes                        = 1048576                                   {product} {ergonomic}
    uintx NonNMethodCodeHeapSize                   = 7594288                                {pd product} {ergonomic}
    uintx NonProfiledCodeHeapSize                  = 122031976                              {pd product} {ergonomic}
    uintx ProfiledCodeHeapSize                     = 122031976                              {pd product} {ergonomic}
    uintx ReservedCodeCacheSize                    = 251658240                              {pd product} {ergonomic}
     bool SegmentedCodeCache                       = true                                      {product} {ergonomic}
     bool UseCompressedClassPointers               = true                                 {lp64_product} {ergonomic}
     bool UseCompressedOops                        = true                                 {lp64_product} {ergonomic}
     bool UseG1GC                                  = true                                      {product} {ergonomic}
     bool UseLargePagesIndividualAllocation        = false                                  {pd product} {ergonomic}

Logging:
Log output configuration:
 #0: stdout all=warning uptime,level,tags
 #1: stderr all=off uptime,level,tags

Environment Variables:
JAVA_HOME=C:\Users\a\.jdks\corretto-11.0.26
PATH=C:\WINDOWS\system32;C:\WINDOWS;C:\WINDOWS\System32\Wbem;C:\WINDOWS\System32\WindowsPowerShell\v1.0\;C:\WINDOWS\System32\OpenSSH\;F:\Program Files\nodejs\;f:\Program Files\Git\cmd;F:\Program Files\MATLAB\R2016b\runtime\win64;F:\Program Files\MATLAB\R2016b\bin;F:\Program Files\MATLAB\R2016b\polyspace\bin;C:\Users\a\.jdks\corretto-11.0.26\bin;C:\Program Files\dotnet\;C:\Users\a\AppData\Local\Microsoft\WindowsApps;F:\Program Files (x86)\Microsoft VS Code\bin;C:\Users\a\AppData\Roaming\npm;C:\Users\a\.dotnet\tools
USERNAME=a
OS=Windows_NT
PROCESSOR_IDENTIFIER=AMD64 Family 25 Model 116 Stepping 1, AuthenticAMD
TMP=C:\Users\a\AppData\Local\Temp
TEMP=C:\Users\a\AppData\Local\Temp



---------------  S Y S T E M  ---------------

OS: Windows 11 , 64 bit Build 26100 (10.0.26100.7019)
OS uptime: 1 days 13:43 hours
Hyper-V role detected

CPU:total 16 (initial active 16) (16 cores per cpu, 2 threads per core) family 25 model 116 stepping 1 microcode 0xa70410a, cmov, cx8, fxsr, mmx, sse, sse2, sse3, ssse3, sse4.1, sse4.2, popcnt, avx, avx2, aes, clmul, erms, mmxext, 3dnowpref, lzcnt, sse4a, ht, tsc, tscinvbit, tscinv, bmi1, bmi2, adx, evex, sha, fma

Memory: 4k page, system-wide physical 15645M (836M free)
TotalPageFile size 40170M (AvailPageFile size 15144M)
current process WorkingSet (physical memory assigned to process): 116M, peak: 147M
current process commit charge ("private bytes"): 385M, peak: 435M

vm_info: OpenJDK 64-Bit Server VM (11.0.26+4-LTS) for windows-amd64 JRE (11.0.26+4-LTS), built on Jan 13 2025 17:23:34 by "Administrator" with MS VC++ 16.10 / 16.11 (VS2019)

END.
